<?xml version="1.0" encoding="UTF-8"?>
<testsuite xmlns:xsi="http://www.w3.org/2001/XMLSchema-instance" xsi:noNamespaceSchemaLocation="https://maven.apache.org/surefire/maven-surefire-plugin/xsd/surefire-test-report.xsd" name="TestSuite" time="43.964" tests="2" errors="0" skipped="0" failures="2">
  <properties>
[...]
</properties>
  <testcase name="runScenario" classname="runner.RunnTest" time="21.694">
    <failure message="Unable to create a new remote session. Please check the server log for more details. Original error: An unknown server-side error occurred while processing the command. Original error: Could not find a connected Android device in 20014ms.&#10;Build info: version: &apos;3.141.59&apos;, revision: &apos;e82be7d358&apos;, time: &apos;2018-11-14T08:17:03&apos;&#10;System info: host: &apos;LAPTOP-JNKJEBFU&apos;, ip: &apos;169.254.93.184&apos;, os.name: &apos;Windows 10&apos;, os.arch: &apos;x86&apos;, os.version: &apos;10.0&apos;, java.version: &apos;1.8.0_202&apos;&#10;Driver info: driver.version: AndroidDriver&#10;remote stacktrace: UnknownError: An unknown server-side error occurred while processing the command. Original error: Could not find a connected Android device in 20014ms.&#10;    at getResponseForW3CError (C:\Program Files\Appium Server GUI\resources\app\node_modules\appium\node_modules\appium-base-driver\lib\protocol\errors.js:804:9)&#10;    at asyncHandler (C:\Program Files\Appium Server GUI\resources\app\node_modules\appium\node_modules\appium-base-driver\lib\protocol\protocol.js:380:37)&#10;Build info: version: &apos;3.141.59&apos;, revision: &apos;e82be7d358&apos;, time: &apos;2018-11-14T08:17:03&apos;&#10;System info: host: &apos;LAPTOP-JNKJEBFU&apos;, ip: &apos;169.254.93.184&apos;, os.name: &apos;Windows 10&apos;, os.arch: &apos;x86&apos;, os.version: &apos;10.0&apos;, java.version: &apos;1.8.0_202&apos;&#10;Driver info: driver.version: AndroidDriver" type="org.openqa.selenium.SessionNotCreatedException">org.openqa.selenium.SessionNotCreatedException: 
Unable to create a new remote session. Please check the server log for more details. Original error: An unknown server-side error occurred while processing the command. Original error: Could not find a connected Android device in 20014ms.
Build info: version: '3.141.59', revision: 'e82be7d358', time: '2018-11-14T08:17:03'
System info: host: 'LAPTOP-JNKJEBFU', ip: '169.254.93.184', os.name: 'Windows 10', os.arch: 'x86', os.version: '10.0', java.version: '1.8.0_202'
Driver info: driver.version: AndroidDriver
remote stacktrace: UnknownError: An unknown server-side error occurred while processing the command. Original error: Could not find a connected Android device in 20014ms.
    at getResponseForW3CError (C:\Program Files\Appium Server GUI\resources\app\node_modules\appium\node_modules\appium-base-driver\lib\protocol\errors.js:804:9)
    at asyncHandler (C:\Program Files\Appium Server GUI\resources\app\node_modules\appium\node_modules\appium-base-driver\lib\protocol\protocol.js:380:37)
Build info: version: '3.141.59', revision: 'e82be7d358', time: '2018-11-14T08:17:03'
System info: host: 'LAPTOP-JNKJEBFU', ip: '169.254.93.184', os.name: 'Windows 10', os.arch: 'x86', os.version: '10.0', java.version: '1.8.0_202'
Driver info: driver.version: AndroidDriver
Caused by: java.lang.reflect.InvocationTargetException
Caused by: org.openqa.selenium.WebDriverException: 
An unknown server-side error occurred while processing the command. Original error: Could not find a connected Android device in 20014ms.
Build info: version: '3.141.59', revision: 'e82be7d358', time: '2018-11-14T08:17:03'
System info: host: 'LAPTOP-JNKJEBFU', ip: '169.254.93.184', os.name: 'Windows 10', os.arch: 'x86', os.version: '10.0', java.version: '1.8.0_202'
Driver info: driver.version: AndroidDriver
remote stacktrace: UnknownError: An unknown server-side error occurred while processing the command. Original error: Could not find a connected Android device in 20014ms.
    at getResponseForW3CError (C:\Program Files\Appium Server GUI\resources\app\node_modules\appium\node_modules\appium-base-driver\lib\protocol\errors.js:804:9)
    at asyncHandler (C:\Program Files\Appium Server GUI\resources\app\node_modules\appium\node_modules\appium-base-driver\lib\protocol\protocol.js:380:37)
</failure>
    <system-out><![CDATA[...
... TestNG 6.11 by Cédric Beust (cedric@beust.com)
...


@mobile1
Scenario Outline: Validar mensaje cuando usuario o password son incorrectos                                  &amp#27;[90m# src/test/java/features/Login.feature:45&amp#27;[0m
      &amp#27;[31morg.openqa.selenium.SessionNotCreatedException: Unable to create a new remote session. Please check the server log for more details. Original error: An unknown server-side error occurred while processing the command. Original error: Could not find a connected Android device in 20014ms.
Build info: version: '3.141.59', revision: 'e82be7d358', time: '2018-11-14T08:17:03'
System info: host: 'LAPTOP-JNKJEBFU', ip: '169.254.93.184', os.name: 'Windows 10', os.arch: 'x86', os.version: '10.0', java.version: '1.8.0_202'
Driver info: driver.version: AndroidDriver
remote stacktrace: UnknownError: An unknown server-side error occurred while processing the command. Original error: Could not find a connected Android device in 20014ms.
    at getResponseForW3CError (C:\Program Files\Appium Server GUI\resources\app\node_modules\appium\node_modules\appium-base-driver\lib\protocol\errors.js:804:9)
    at asyncHandler (C:\Program Files\Appium Server GUI\resources\app\node_modules\appium\node_modules\appium-base-driver\lib\protocol\protocol.js:380:37)
Build info: version: '3.141.59', revision: 'e82be7d358', time: '2018-11-14T08:17:03'
System info: host: 'LAPTOP-JNKJEBFU', ip: '169.254.93.184', os.name: 'Windows 10', os.arch: 'x86', os.version: '10.0', java.version: '1.8.0_202'
Driver info: driver.version: AndroidDriver
	at io.appium.java_client.remote.AppiumCommandExecutor$1.createSession(AppiumCommandExecutor.java:208)
	at io.appium.java_client.remote.AppiumCommandExecutor.createSession(AppiumCommandExecutor.java:217)
	at io.appium.java_client.remote.AppiumCommandExecutor.execute(AppiumCommandExecutor.java:239)
	at org.openqa.selenium.remote.RemoteWebDriver.execute(RemoteWebDriver.java:552)
	at io.appium.java_client.DefaultGenericMobileDriver.execute(DefaultGenericMobileDriver.java:41)
	at io.appium.java_client.AppiumDriver.execute(AppiumDriver.java:1)
	at io.appium.java_client.android.AndroidDriver.execute(AndroidDriver.java:1)
	at org.openqa.selenium.remote.RemoteWebDriver.startSession(RemoteWebDriver.java:213)
	at io.appium.java_client.AppiumDriver.startSession(AppiumDriver.java:323)
	at org.openqa.selenium.remote.RemoteWebDriver.<init>(RemoteWebDriver.java:131)
	at io.appium.java_client.DefaultGenericMobileDriver.<init>(DefaultGenericMobileDriver.java:37)
	at io.appium.java_client.AppiumDriver.<init>(AppiumDriver.java:86)
	at io.appium.java_client.AppiumDriver.<init>(AppiumDriver.java:96)
	at io.appium.java_client.android.AndroidDriver.<init>(AndroidDriver.java:94)
	at utility.Hook.setUpAppium(Hook.java:31)
Caused by: java.lang.reflect.InvocationTargetException
	at sun.reflect.NativeMethodAccessorImpl.invoke0(Native Method)
	at sun.reflect.NativeMethodAccessorImpl.invoke(NativeMethodAccessorImpl.java:62)
	at sun.reflect.DelegatingMethodAccessorImpl.invoke(DelegatingMethodAccessorImpl.java:43)
	at java.lang.reflect.Method.invoke(Method.java:498)
	at io.appium.java_client.remote.AppiumCommandExecutor$1.createSession(AppiumCommandExecutor.java:186)
	at io.appium.java_client.remote.AppiumCommandExecutor.createSession(AppiumCommandExecutor.java:217)
	at io.appium.java_client.remote.AppiumCommandExecutor.execute(AppiumCommandExecutor.java:239)
	at org.openqa.selenium.remote.RemoteWebDriver.execute(RemoteWebDriver.java:552)
	at io.appium.java_client.DefaultGenericMobileDriver.execute(DefaultGenericMobileDriver.java:41)
	at io.appium.java_client.AppiumDriver.execute(AppiumDriver.java:1)
	at io.appium.java_client.android.AndroidDriver.execute(AndroidDriver.java:1)
	at org.openqa.selenium.remote.RemoteWebDriver.startSession(RemoteWebDriver.java:213)
	at io.appium.java_client.AppiumDriver.startSession(AppiumDriver.java:323)
	at org.openqa.selenium.remote.RemoteWebDriver.<init>(RemoteWebDriver.java:131)
	at io.appium.java_client.DefaultGenericMobileDriver.<init>(DefaultGenericMobileDriver.java:37)
	at io.appium.java_client.AppiumDriver.<init>(AppiumDriver.java:86)
	at io.appium.java_client.AppiumDriver.<init>(AppiumDriver.java:96)
	at io.appium.java_client.android.AndroidDriver.<init>(AndroidDriver.java:94)
	at utility.Hook.setUpAppium(Hook.java:31)
	at sun.reflect.NativeMethodAccessorImpl.invoke0(Native Method)
	at sun.reflect.NativeMethodAccessorImpl.invoke(NativeMethodAccessorImpl.java:62)
	at sun.reflect.DelegatingMethodAccessorImpl.invoke(DelegatingMethodAccessorImpl.java:43)
	at java.lang.reflect.Method.invoke(Method.java:498)
	at io.cucumber.java.Invoker.invoke(Invoker.java:27)
	at io.cucumber.java.JavaHookDefinition.execute(JavaHookDefinition.java:61)
	at io.cucumber.core.runner.CoreHookDefinition.execute(CoreHookDefinition.java:31)
	at io.cucumber.core.runner.HookDefinitionMatch.runStep(HookDefinitionMatch.java:20)
	at io.cucumber.core.runner.TestStep.executeStep(TestStep.java:64)
	at io.cucumber.core.runner.TestStep.run(TestStep.java:49)
	at io.cucumber.core.runner.TestCase.run(TestCase.java:47)
	at io.cucumber.core.runner.Runner.runPickle(Runner.java:67)
	at io.cucumber.testng.TestNGCucumberRunner.runScenario(TestNGCucumberRunner.java:124)
	at io.cucumber.testng.AbstractTestNGCucumberTests.runScenario(AbstractTestNGCucumberTests.java:29)
	at sun.reflect.NativeMethodAccessorImpl.invoke0(Native Method)
	at sun.reflect.NativeMethodAccessorImpl.invoke(NativeMethodAccessorImpl.java:62)
	at sun.reflect.DelegatingMethodAccessorImpl.invoke(DelegatingMethodAccessorImpl.java:43)
	at java.lang.reflect.Method.invoke(Method.java:498)
	at org.testng.internal.MethodInvocationHelper.invokeMethod(MethodInvocationHelper.java:108)
	at org.testng.internal.Invoker.invokeMethod(Invoker.java:661)
	at org.testng.internal.Invoker.invokeTestMethod(Invoker.java:869)
	at org.testng.internal.Invoker.invokeTestMethods(Invoker.java:1193)
	at org.testng.internal.TestMethodWorker.invokeTestMethods(TestMethodWorker.java:126)
	at org.testng.internal.TestMethodWorker.run(TestMethodWorker.java:109)
	at org.testng.TestRunner.privateRun(TestRunner.java:744)
	at org.testng.TestRunner.run(TestRunner.java:602)
	at org.testng.SuiteRunner.runTest(SuiteRunner.java:380)
	at org.testng.SuiteRunner.access$000(SuiteRunner.java:39)
	at org.testng.SuiteRunner$SuiteWorker.run(SuiteRunner.java:414)
	at org.testng.internal.thread.ThreadUtil$1.call(ThreadUtil.java:52)
	at java.util.concurrent.FutureTask.run(FutureTask.java:266)
	at java.util.concurrent.ThreadPoolExecutor.runWorker(ThreadPoolExecutor.java:1149)
	at java.util.concurrent.ThreadPoolExecutor$Worker.run(ThreadPoolExecutor.java:624)
	at java.lang.Thread.run(Thread.java:748)
Caused by: org.openqa.selenium.WebDriverException: An unknown server-side error occurred while processing the command. Original error: Could not find a connected Android device in 20014ms.
Build info: version: '3.141.59', revision: 'e82be7d358', time: '2018-11-14T08:17:03'
System info: host: 'LAPTOP-JNKJEBFU', ip: '169.254.93.184', os.name: 'Windows 10', os.arch: 'x86', os.version: '10.0', java.version: '1.8.0_202'
Driver info: driver.version: AndroidDriver
remote stacktrace: UnknownError: An unknown server-side error occurred while processing the command. Original error: Could not find a connected Android device in 20014ms.
    at getResponseForW3CError (C:\Program Files\Appium Server GUI\resources\app\node_modules\appium\node_modules\appium-base-driver\lib\protocol\errors.js:804:9)
    at asyncHandler (C:\Program Files\Appium Server GUI\resources\app\node_modules\appium\node_modules\appium-base-driver\lib\protocol\protocol.js:380:37)
	at sun.reflect.NativeConstructorAccessorImpl.newInstance0(Native Method)
	at sun.reflect.NativeConstructorAccessorImpl.newInstance(NativeConstructorAccessorImpl.java:62)
	at sun.reflect.DelegatingConstructorAccessorImpl.newInstance(DelegatingConstructorAccessorImpl.java:45)
	at java.lang.reflect.Constructor.newInstance(Constructor.java:423)
	at org.openqa.selenium.remote.W3CHandshakeResponse.lambda$errorHandler$0(W3CHandshakeResponse.java:62)
	at org.openqa.selenium.remote.HandshakeResponse.lambda$getResponseFunction$0(HandshakeResponse.java:30)
	at org.openqa.selenium.remote.ProtocolHandshake.lambda$createSession$0(ProtocolHandshake.java:126)
	at java.util.stream.ReferencePipeline$3$1.accept(ReferencePipeline.java:193)
	at java.util.Spliterators$ArraySpliterator.tryAdvance(Spliterators.java:958)
	at java.util.stream.ReferencePipeline.forEachWithCancel(ReferencePipeline.java:126)
	at java.util.stream.AbstractPipeline.copyIntoWithCancel(AbstractPipeline.java:498)
	at java.util.stream.AbstractPipeline.copyInto(AbstractPipeline.java:485)
	at java.util.stream.AbstractPipeline.wrapAndCopyInto(AbstractPipeline.java:471)
	at java.util.stream.FindOps$FindOp.evaluateSequential(FindOps.java:152)
	at java.util.stream.AbstractPipeline.evaluate(AbstractPipeline.java:234)
	at java.util.stream.ReferencePipeline.findFirst(ReferencePipeline.java:464)
	at org.openqa.selenium.remote.ProtocolHandshake.createSession(ProtocolHandshake.java:128)
	... 53 more
&amp#27;[0m
  &amp#27;[36mGiven &amp#27;[0m&amp#27;[36mcarga la aplicacion Formiik New&amp#27;[0m                                                                      &amp#27;[90m# stepDefinations.LoginStep.cargaLaAplicacionFormiikNew()&amp#27;[0m
  &amp#27;[36mWhen &amp#27;[0m&amp#27;[36mel ingresa "&amp#27;[0m&amp#27;[36m&amp#27;[1mcarlos&amp#27;[0m&amp#27;[36m" y "&amp#27;[0m&amp#27;[36m&amp#27;[1m123&amp#27;[0m&amp#27;[36m"&amp#27;[0m                                                                           &amp#27;[90m# stepDefinations.LoginStep.elIngresaY(java.lang.String,java.lang.String)&amp#27;[0m
  &amp#27;[36mAnd &amp#27;[0m&amp#27;[36mel presiona enter en Sign in&amp#27;[0m                                                                           &amp#27;[90m# stepDefinations.LoginStep.elPresionaEnterEnSignIn()&amp#27;[0m
  &amp#27;[36mThen &amp#27;[0m&amp#27;[36mel mensaje cuando usuario o password son incorrectos sera &amp#27;[0m&amp#27;[36m&amp#27;[1mWe don't recognize this user ID or password&amp#27;[0m &amp#27;[90m# stepDefinations.LoginStep.elMensajeCuandoUsuarioOPasswordSonIncorrectosSeraToSignInStartByEnteringAUserID(java.lang.String)&amp#27;[0m
]]></system-out>
    <system-err><![CDATA[jul 20, 2023 11:21:39 AM io.cucumber.core.options.CucumberPropertiesParser parse
ADVERTENCIA: Passing commandline options via the property `cucumber.options` has been deprecatedin favour of explicitly using property names.
Please use these instead: [cucumber.ansi-colors.disabled, cucumber.execution.dry-run, cucumber.execution.limit, cucumber.execution.order, cucumber.execution.strict, cucumber.execution.wip, cucumber.features, cucumber.filter.name, cucumber.filter.tags, cucumber.glue, cucumber.object-factory, cucumber.plugin, cucumber.snippet-type]
jul 20, 2023 11:21:39 AM io.cucumber.testng.TestNGCucumberRunner <init>
ADVERTENCIA: By default Cucumber is running in --non-strict mode.
This default will change to --strict and --non-strict will be removed.
You can use --strict or @CucumberOptions(strict = true) to suppress this warning
SLF4J: Failed to load class "org.slf4j.impl.StaticLoggerBinder".
SLF4J: Defaulting to no-operation (NOP) logger implementation
SLF4J: See http://www.slf4j.org/codes.html#StaticLoggerBinder for further details.
java.lang.NullPointerException
	at utility.Hook.tearDown(Hook.java:43)
	at sun.reflect.NativeMethodAccessorImpl.invoke0(Native Method)
	at sun.reflect.NativeMethodAccessorImpl.invoke(NativeMethodAccessorImpl.java:62)
	at sun.reflect.DelegatingMethodAccessorImpl.invoke(DelegatingMethodAccessorImpl.java:43)
	at java.lang.reflect.Method.invoke(Method.java:498)
	at io.cucumber.java.Invoker.invoke(Invoker.java:27)
	at io.cucumber.java.JavaHookDefinition.execute(JavaHookDefinition.java:61)
	at io.cucumber.core.runner.CoreHookDefinition.execute(CoreHookDefinition.java:31)
	at io.cucumber.core.runner.HookDefinitionMatch.runStep(HookDefinitionMatch.java:20)
	at io.cucumber.core.runner.TestStep.executeStep(TestStep.java:64)
	at io.cucumber.core.runner.TestStep.run(TestStep.java:49)
	at io.cucumber.core.runner.TestCase.run(TestCase.java:55)
	at io.cucumber.core.runner.Runner.runPickle(Runner.java:67)
	at io.cucumber.testng.TestNGCucumberRunner.runScenario(TestNGCucumberRunner.java:124)
	at io.cucumber.testng.AbstractTestNGCucumberTests.runScenario(AbstractTestNGCucumberTests.java:29)
	at sun.reflect.NativeMethodAccessorImpl.invoke0(Native Method)
	at sun.reflect.NativeMethodAccessorImpl.invoke(NativeMethodAccessorImpl.java:62)
	at sun.reflect.DelegatingMethodAccessorImpl.invoke(DelegatingMethodAccessorImpl.java:43)
	at java.lang.reflect.Method.invoke(Method.java:498)
	at org.testng.internal.MethodInvocationHelper.invokeMethod(MethodInvocationHelper.java:108)
	at org.testng.internal.Invoker.invokeMethod(Invoker.java:661)
	at org.testng.internal.Invoker.invokeTestMethod(Invoker.java:869)
	at org.testng.internal.Invoker.invokeTestMethods(Invoker.java:1193)
	at org.testng.internal.TestMethodWorker.invokeTestMethods(TestMethodWorker.java:126)
	at org.testng.internal.TestMethodWorker.run(TestMethodWorker.java:109)
	at org.testng.TestRunner.privateRun(TestRunner.java:744)
	at org.testng.TestRunner.run(TestRunner.java:602)
	at org.testng.SuiteRunner.runTest(SuiteRunner.java:380)
	at org.testng.SuiteRunner.access$000(SuiteRunner.java:39)
	at org.testng.SuiteRunner$SuiteWorker.run(SuiteRunner.java:414)
	at org.testng.internal.thread.ThreadUtil$1.call(ThreadUtil.java:52)
	at java.util.concurrent.FutureTask.run(FutureTask.java:266)
	at java.util.concurrent.ThreadPoolExecutor.runWorker(ThreadPoolExecutor.java:1149)
	at java.util.concurrent.ThreadPoolExecutor$Worker.run(ThreadPoolExecutor.java:624)
	at java.lang.Thread.run(Thread.java:748)
]]></system-err>
  </testcase>
  <testcase name="runScenario" classname="runner.RunnTest" time="20.51">
    <failure message="Unable to create a new remote session. Please check the server log for more details. Original error: An unknown server-side error occurred while processing the command. Original error: Could not find a connected Android device in 20262ms.&#10;Build info: version: &apos;3.141.59&apos;, revision: &apos;e82be7d358&apos;, time: &apos;2018-11-14T08:17:03&apos;&#10;System info: host: &apos;LAPTOP-JNKJEBFU&apos;, ip: &apos;169.254.93.184&apos;, os.name: &apos;Windows 10&apos;, os.arch: &apos;x86&apos;, os.version: &apos;10.0&apos;, java.version: &apos;1.8.0_202&apos;&#10;Driver info: driver.version: AndroidDriver&#10;remote stacktrace: UnknownError: An unknown server-side error occurred while processing the command. Original error: Could not find a connected Android device in 20262ms.&#10;    at getResponseForW3CError (C:\Program Files\Appium Server GUI\resources\app\node_modules\appium\node_modules\appium-base-driver\lib\protocol\errors.js:804:9)&#10;    at asyncHandler (C:\Program Files\Appium Server GUI\resources\app\node_modules\appium\node_modules\appium-base-driver\lib\protocol\protocol.js:380:37)&#10;Build info: version: &apos;3.141.59&apos;, revision: &apos;e82be7d358&apos;, time: &apos;2018-11-14T08:17:03&apos;&#10;System info: host: &apos;LAPTOP-JNKJEBFU&apos;, ip: &apos;169.254.93.184&apos;, os.name: &apos;Windows 10&apos;, os.arch: &apos;x86&apos;, os.version: &apos;10.0&apos;, java.version: &apos;1.8.0_202&apos;&#10;Driver info: driver.version: AndroidDriver" type="org.openqa.selenium.SessionNotCreatedException">org.openqa.selenium.SessionNotCreatedException: 
Unable to create a new remote session. Please check the server log for more details. Original error: An unknown server-side error occurred while processing the command. Original error: Could not find a connected Android device in 20262ms.
Build info: version: '3.141.59', revision: 'e82be7d358', time: '2018-11-14T08:17:03'
System info: host: 'LAPTOP-JNKJEBFU', ip: '169.254.93.184', os.name: 'Windows 10', os.arch: 'x86', os.version: '10.0', java.version: '1.8.0_202'
Driver info: driver.version: AndroidDriver
remote stacktrace: UnknownError: An unknown server-side error occurred while processing the command. Original error: Could not find a connected Android device in 20262ms.
    at getResponseForW3CError (C:\Program Files\Appium Server GUI\resources\app\node_modules\appium\node_modules\appium-base-driver\lib\protocol\errors.js:804:9)
    at asyncHandler (C:\Program Files\Appium Server GUI\resources\app\node_modules\appium\node_modules\appium-base-driver\lib\protocol\protocol.js:380:37)
Build info: version: '3.141.59', revision: 'e82be7d358', time: '2018-11-14T08:17:03'
System info: host: 'LAPTOP-JNKJEBFU', ip: '169.254.93.184', os.name: 'Windows 10', os.arch: 'x86', os.version: '10.0', java.version: '1.8.0_202'
Driver info: driver.version: AndroidDriver
Caused by: java.lang.reflect.InvocationTargetException
Caused by: org.openqa.selenium.WebDriverException: 
An unknown server-side error occurred while processing the command. Original error: Could not find a connected Android device in 20262ms.
Build info: version: '3.141.59', revision: 'e82be7d358', time: '2018-11-14T08:17:03'
System info: host: 'LAPTOP-JNKJEBFU', ip: '169.254.93.184', os.name: 'Windows 10', os.arch: 'x86', os.version: '10.0', java.version: '1.8.0_202'
Driver info: driver.version: AndroidDriver
remote stacktrace: UnknownError: An unknown server-side error occurred while processing the command. Original error: Could not find a connected Android device in 20262ms.
    at getResponseForW3CError (C:\Program Files\Appium Server GUI\resources\app\node_modules\appium\node_modules\appium-base-driver\lib\protocol\errors.js:804:9)
    at asyncHandler (C:\Program Files\Appium Server GUI\resources\app\node_modules\appium\node_modules\appium-base-driver\lib\protocol\protocol.js:380:37)
</failure>
    <system-out><![CDATA[
@mobile1
Scenario Outline: CPC34 - Campaña-Validar la funcionalidad correcta de la carga de Documentos Virtuales &amp#27;[90m# src/test/java/features/ModuleCampaings.feature:798&amp#27;[0m
      &amp#27;[31morg.openqa.selenium.SessionNotCreatedException: Unable to create a new remote session. Please check the server log for more details. Original error: An unknown server-side error occurred while processing the command. Original error: Could not find a connected Android device in 20262ms.
Build info: version: '3.141.59', revision: 'e82be7d358', time: '2018-11-14T08:17:03'
System info: host: 'LAPTOP-JNKJEBFU', ip: '169.254.93.184', os.name: 'Windows 10', os.arch: 'x86', os.version: '10.0', java.version: '1.8.0_202'
Driver info: driver.version: AndroidDriver
remote stacktrace: UnknownError: An unknown server-side error occurred while processing the command. Original error: Could not find a connected Android device in 20262ms.
    at getResponseForW3CError (C:\Program Files\Appium Server GUI\resources\app\node_modules\appium\node_modules\appium-base-driver\lib\protocol\errors.js:804:9)
    at asyncHandler (C:\Program Files\Appium Server GUI\resources\app\node_modules\appium\node_modules\appium-base-driver\lib\protocol\protocol.js:380:37)
Build info: version: '3.141.59', revision: 'e82be7d358', time: '2018-11-14T08:17:03'
System info: host: 'LAPTOP-JNKJEBFU', ip: '169.254.93.184', os.name: 'Windows 10', os.arch: 'x86', os.version: '10.0', java.version: '1.8.0_202'
Driver info: driver.version: AndroidDriver
	at io.appium.java_client.remote.AppiumCommandExecutor$1.createSession(AppiumCommandExecutor.java:208)
	at io.appium.java_client.remote.AppiumCommandExecutor.createSession(AppiumCommandExecutor.java:217)
	at io.appium.java_client.remote.AppiumCommandExecutor.execute(AppiumCommandExecutor.java:239)
	at org.openqa.selenium.remote.RemoteWebDriver.execute(RemoteWebDriver.java:552)
	at io.appium.java_client.DefaultGenericMobileDriver.execute(DefaultGenericMobileDriver.java:41)
	at io.appium.java_client.AppiumDriver.execute(AppiumDriver.java:1)
	at io.appium.java_client.android.AndroidDriver.execute(AndroidDriver.java:1)
	at org.openqa.selenium.remote.RemoteWebDriver.startSession(RemoteWebDriver.java:213)
	at io.appium.java_client.AppiumDriver.startSession(AppiumDriver.java:323)
	at org.openqa.selenium.remote.RemoteWebDriver.<init>(RemoteWebDriver.java:131)
	at io.appium.java_client.DefaultGenericMobileDriver.<init>(DefaultGenericMobileDriver.java:37)
	at io.appium.java_client.AppiumDriver.<init>(AppiumDriver.java:86)
	at io.appium.java_client.AppiumDriver.<init>(AppiumDriver.java:96)
	at io.appium.java_client.android.AndroidDriver.<init>(AndroidDriver.java:94)
	at utility.Hook.setUpAppium(Hook.java:31)
Caused by: java.lang.reflect.InvocationTargetException
	at sun.reflect.NativeMethodAccessorImpl.invoke0(Native Method)
	at sun.reflect.NativeMethodAccessorImpl.invoke(NativeMethodAccessorImpl.java:62)
	at sun.reflect.DelegatingMethodAccessorImpl.invoke(DelegatingMethodAccessorImpl.java:43)
	at java.lang.reflect.Method.invoke(Method.java:498)
	at io.appium.java_client.remote.AppiumCommandExecutor$1.createSession(AppiumCommandExecutor.java:186)
	at io.appium.java_client.remote.AppiumCommandExecutor.createSession(AppiumCommandExecutor.java:217)
	at io.appium.java_client.remote.AppiumCommandExecutor.execute(AppiumCommandExecutor.java:239)
	at org.openqa.selenium.remote.RemoteWebDriver.execute(RemoteWebDriver.java:552)
	at io.appium.java_client.DefaultGenericMobileDriver.execute(DefaultGenericMobileDriver.java:41)
	at io.appium.java_client.AppiumDriver.execute(AppiumDriver.java:1)
	at io.appium.java_client.android.AndroidDriver.execute(AndroidDriver.java:1)
	at org.openqa.selenium.remote.RemoteWebDriver.startSession(RemoteWebDriver.java:213)
	at io.appium.java_client.AppiumDriver.startSession(AppiumDriver.java:323)
	at org.openqa.selenium.remote.RemoteWebDriver.<init>(RemoteWebDriver.java:131)
	at io.appium.java_client.DefaultGenericMobileDriver.<init>(DefaultGenericMobileDriver.java:37)
	at io.appium.java_client.AppiumDriver.<init>(AppiumDriver.java:86)
	at io.appium.java_client.AppiumDriver.<init>(AppiumDriver.java:96)
	at io.appium.java_client.android.AndroidDriver.<init>(AndroidDriver.java:94)
	at utility.Hook.setUpAppium(Hook.java:31)
	at sun.reflect.NativeMethodAccessorImpl.invoke0(Native Method)
	at sun.reflect.NativeMethodAccessorImpl.invoke(NativeMethodAccessorImpl.java:62)
	at sun.reflect.DelegatingMethodAccessorImpl.invoke(DelegatingMethodAccessorImpl.java:43)
	at java.lang.reflect.Method.invoke(Method.java:498)
	at io.cucumber.java.Invoker.invoke(Invoker.java:27)
	at io.cucumber.java.JavaHookDefinition.execute(JavaHookDefinition.java:61)
	at io.cucumber.core.runner.CoreHookDefinition.execute(CoreHookDefinition.java:31)
	at io.cucumber.core.runner.HookDefinitionMatch.runStep(HookDefinitionMatch.java:20)
	at io.cucumber.core.runner.TestStep.executeStep(TestStep.java:64)
	at io.cucumber.core.runner.TestStep.run(TestStep.java:49)
	at io.cucumber.core.runner.TestCase.run(TestCase.java:47)
	at io.cucumber.core.runner.Runner.runPickle(Runner.java:67)
	at io.cucumber.testng.TestNGCucumberRunner.runScenario(TestNGCucumberRunner.java:124)
	at io.cucumber.testng.AbstractTestNGCucumberTests.runScenario(AbstractTestNGCucumberTests.java:29)
	at sun.reflect.NativeMethodAccessorImpl.invoke0(Native Method)
	at sun.reflect.NativeMethodAccessorImpl.invoke(NativeMethodAccessorImpl.java:62)
	at sun.reflect.DelegatingMethodAccessorImpl.invoke(DelegatingMethodAccessorImpl.java:43)
	at java.lang.reflect.Method.invoke(Method.java:498)
	at org.testng.internal.MethodInvocationHelper.invokeMethod(MethodInvocationHelper.java:108)
	at org.testng.internal.Invoker.invokeMethod(Invoker.java:661)
	at org.testng.internal.Invoker.invokeTestMethod(Invoker.java:869)
	at org.testng.internal.Invoker.invokeTestMethods(Invoker.java:1193)
	at org.testng.internal.TestMethodWorker.invokeTestMethods(TestMethodWorker.java:126)
	at org.testng.internal.TestMethodWorker.run(TestMethodWorker.java:109)
	at org.testng.TestRunner.privateRun(TestRunner.java:744)
	at org.testng.TestRunner.run(TestRunner.java:602)
	at org.testng.SuiteRunner.runTest(SuiteRunner.java:380)
	at org.testng.SuiteRunner.access$000(SuiteRunner.java:39)
	at org.testng.SuiteRunner$SuiteWorker.run(SuiteRunner.java:414)
	at org.testng.internal.thread.ThreadUtil$1.call(ThreadUtil.java:52)
	at java.util.concurrent.FutureTask.run(FutureTask.java:266)
	at java.util.concurrent.ThreadPoolExecutor.runWorker(ThreadPoolExecutor.java:1149)
	at java.util.concurrent.ThreadPoolExecutor$Worker.run(ThreadPoolExecutor.java:624)
	at java.lang.Thread.run(Thread.java:748)
Caused by: org.openqa.selenium.WebDriverException: An unknown server-side error occurred while processing the command. Original error: Could not find a connected Android device in 20262ms.
Build info: version: '3.141.59', revision: 'e82be7d358', time: '2018-11-14T08:17:03'
System info: host: 'LAPTOP-JNKJEBFU', ip: '169.254.93.184', os.name: 'Windows 10', os.arch: 'x86', os.version: '10.0', java.version: '1.8.0_202'
Driver info: driver.version: AndroidDriver
remote stacktrace: UnknownError: An unknown server-side error occurred while processing the command. Original error: Could not find a connected Android device in 20262ms.
    at getResponseForW3CError (C:\Program Files\Appium Server GUI\resources\app\node_modules\appium\node_modules\appium-base-driver\lib\protocol\errors.js:804:9)
    at asyncHandler (C:\Program Files\Appium Server GUI\resources\app\node_modules\appium\node_modules\appium-base-driver\lib\protocol\protocol.js:380:37)
	at sun.reflect.NativeConstructorAccessorImpl.newInstance0(Native Method)
	at sun.reflect.NativeConstructorAccessorImpl.newInstance(NativeConstructorAccessorImpl.java:62)
	at sun.reflect.DelegatingConstructorAccessorImpl.newInstance(DelegatingConstructorAccessorImpl.java:45)
	at java.lang.reflect.Constructor.newInstance(Constructor.java:423)
	at org.openqa.selenium.remote.W3CHandshakeResponse.lambda$errorHandler$0(W3CHandshakeResponse.java:62)
	at org.openqa.selenium.remote.HandshakeResponse.lambda$getResponseFunction$0(HandshakeResponse.java:30)
	at org.openqa.selenium.remote.ProtocolHandshake.lambda$createSession$0(ProtocolHandshake.java:126)
	at java.util.stream.ReferencePipeline$3$1.accept(ReferencePipeline.java:193)
	at java.util.Spliterators$ArraySpliterator.tryAdvance(Spliterators.java:958)
	at java.util.stream.ReferencePipeline.forEachWithCancel(ReferencePipeline.java:126)
	at java.util.stream.AbstractPipeline.copyIntoWithCancel(AbstractPipeline.java:498)
	at java.util.stream.AbstractPipeline.copyInto(AbstractPipeline.java:485)
	at java.util.stream.AbstractPipeline.wrapAndCopyInto(AbstractPipeline.java:471)
	at java.util.stream.FindOps$FindOp.evaluateSequential(FindOps.java:152)
	at java.util.stream.AbstractPipeline.evaluate(AbstractPipeline.java:234)
	at java.util.stream.ReferencePipeline.findFirst(ReferencePipeline.java:464)
	at org.openqa.selenium.remote.ProtocolHandshake.createSession(ProtocolHandshake.java:128)
	... 53 more
&amp#27;[0m
  &amp#27;[36mWhen &amp#27;[0m&amp#27;[36mel usuario ingresa al home y hago click en el boton de nueva orden&amp#27;[0m                               &amp#27;[90m# stepDefinations.ModuleRecoveriesStep.elUsuarioIngresayhagoClickNuevaOrden()&amp#27;[0m
  &amp#27;[36mAnd &amp#27;[0m&amp#27;[36mel usuario hace click en la opcion credito del menu de Tipo de proceso&amp#27;[0m                            &amp#27;[90m# stepDefinations.ModuleCampaingsStep.UsuarioclickCreditoMenuProcesos()&amp#27;[0m
  &amp#27;[36mAnd &amp#27;[0m&amp#27;[36mhago click en el boton siguiente&amp#27;[0m                                                                  &amp#27;[90m# stepDefinations.ModuleRecoveriesStep.cliEnSiguiente()&amp#27;[0m
  &amp#27;[36mAnd &amp#27;[0m&amp#27;[36mhago click en la opcion Credito individual del menu Tipo de formulario&amp#27;[0m                            &amp#27;[90m# stepDefinations.ModuleCampaingsStep.clickEnCreditoIndividual()&amp#27;[0m
  &amp#27;[36mAnd &amp#27;[0m&amp#27;[36mhago click en el boton siguiente&amp#27;[0m                                                                  &amp#27;[90m# stepDefinations.ModuleRecoveriesStep.cliEnSiguiente()&amp#27;[0m
  &amp#27;[36mAnd &amp#27;[0m&amp#27;[36mhago click en el boton CREAR del menu Confirmacion&amp#27;[0m                                                &amp#27;[90m# stepDefinations.ModuleRecoveriesStep.cliEnBotonCrear()&amp#27;[0m
  &amp#27;[36mAnd &amp#27;[0m&amp#27;[36mvisualiza dentro de la sección DATOS DEL TITULAR el titulo Tipo de documento&amp#27;[0m                      &amp#27;[90m# stepDefinations.ModuleRecoveriesStep.click_tipo_documento()&amp#27;[0m
  &amp#27;[36mAnd &amp#27;[0m&amp#27;[36mselecciona dentro del menu desplegable el elemento DNI&amp#27;[0m                                            &amp#27;[90m# stepDefinations.ModuleRecoveriesStep.click_dni()&amp#27;[0m
  &amp#27;[36mAnd &amp#27;[0m&amp#27;[36mingresa el nro del Documento "&amp#27;[0m&amp#27;[36m&amp#27;[1m42325973&amp#27;[0m&amp#27;[36m"&amp#27;[0m                                                           &amp#27;[90m# stepDefinations.ModuleRecoveriesStep.ingresa_dni(java.lang.String)&amp#27;[0m
  &amp#27;[36mAnd &amp#27;[0m&amp#27;[36mselecciono autorizacion de tratamiento de datos&amp#27;[0m                                                   &amp#27;[90m# stepDefinations.ModuleCampaingsStep.seleccion_tratamiento_datos()&amp#27;[0m
  &amp#27;[36mAnd &amp#27;[0m&amp#27;[36mselecciono o no autorizacion de envio de publicidad&amp#27;[0m                                               &amp#27;[90m# stepDefinations.ModuleCampaingsStep.selecciono_envio_publicidad()&amp#27;[0m
  &amp#27;[36mAnd &amp#27;[0m&amp#27;[36mhago click en consultar cliente&amp#27;[0m                                                                   &amp#27;[90m# stepDefinations.ModuleCampaingsStep.click_consultar_cliente()&amp#27;[0m
  &amp#27;[36mAnd &amp#27;[0m&amp#27;[36mconsulto posición consolidada&amp#27;[0m                                                                     &amp#27;[90m# stepDefinations.ModuleCampaingsStep.click_consultar_posisicion_consolidada()&amp#27;[0m
  &amp#27;[36mAnd &amp#27;[0m&amp#27;[36mconsulto tabla posicion consolidada&amp#27;[0m                                                               &amp#27;[90m# stepDefinations.ModuleCampaingsStep.click_tabla_posicion_consolidada()&amp#27;[0m
  &amp#27;[36mAnd &amp#27;[0m&amp#27;[36mhago click en Mantenimiento cliente&amp#27;[0m                                                               &amp#27;[90m# stepDefinations.ModuleCampaingsStep.click_mantenimiento_cliente()&amp#27;[0m
  &amp#27;[36mAnd &amp#27;[0m&amp#27;[36mhago click menu Datos de solicitud&amp#27;[0m                                                                &amp#27;[90m# stepDefinations.ModuleCampaingsStep.click_menu_datos_solicitud()&amp#27;[0m
  &amp#27;[36mAnd &amp#27;[0m&amp#27;[36mingresa tipo de credito&amp#27;[0m                                                                           &amp#27;[90m# stepDefinations.ModuleCampaingsStep.click_tipo_credito()&amp#27;[0m
  &amp#27;[36mAnd &amp#27;[0m&amp#27;[36mselecciona primer item Microempresas&amp#27;[0m                                                              &amp#27;[90m# stepDefinations.ModuleCampaingsStep.click_item_microempresas()&amp#27;[0m
  &amp#27;[36mAnd &amp#27;[0m&amp#27;[36mhago click en subtipo de credito&amp#27;[0m                                                                  &amp#27;[90m# stepDefinations.ModuleCampaingsStep.click_subtipo_credito()&amp#27;[0m
  &amp#27;[36mAnd &amp#27;[0m&amp#27;[36mselecciona primer item AGROPECUARIOS de subtipo de credito&amp#27;[0m                                        &amp#27;[90m# stepDefinations.ModuleCampaingsStep.click_subtipo()&amp#27;[0m
  &amp#27;[36mAnd &amp#27;[0m&amp#27;[36mselecciona producto datos de solicitud&amp#27;[0m                                                            &amp#27;[90m# stepDefinations.ModuleCampaingsStep.click_producto()&amp#27;[0m
  &amp#27;[36mAnd &amp#27;[0m&amp#27;[36mselecciona subproducto datos de solicitud&amp#27;[0m                                                         &amp#27;[90m# stepDefinations.ModuleCampaingsStep.click_selecciona_subproducto()&amp#27;[0m
  &amp#27;[36mAnd &amp#27;[0m&amp#27;[36mhago click en tipo de operacion&amp#27;[0m                                                                   &amp#27;[90m# stepDefinations.ModuleCampaingsStep.click_tipo_opearcion()&amp#27;[0m
  &amp#27;[36mAnd &amp#27;[0m&amp#27;[36mselecciona otorgamiento del tipo de operacion&amp#27;[0m                                                     &amp#27;[90m# stepDefinations.ModuleCampaingsStep.click_otorgamiento()&amp#27;[0m
  &amp#27;[36mAnd &amp#27;[0m&amp#27;[36mhago click Tipo de cronograma&amp#27;[0m                                                                     &amp#27;[90m# stepDefinations.ModuleCampaingsStep.click_tipo_cronograma()&amp#27;[0m
  &amp#27;[36mAnd &amp#27;[0m&amp#27;[36mselecciono tipo de cronograma fecha fija&amp#27;[0m                                                          &amp#27;[90m# stepDefinations.ModuleCampaingsStep.selecciono_tipo_cronograma()&amp#27;[0m
  &amp#27;[36mAnd &amp#27;[0m&amp#27;[36mselecciona cuotas libres no&amp#27;[0m                                                                       &amp#27;[90m# stepDefinations.ModuleCampaingsStep.seleciona_no_cuotas_libres()&amp#27;[0m
  &amp#27;[36mAnd &amp#27;[0m&amp#27;[36mingreso Monto Solicitado "&amp#27;[0m&amp#27;[36m&amp#27;[1m1000.00&amp#27;[0m&amp#27;[36m"&amp#27;[0m                                                                &amp#27;[90m# stepDefinations.ModuleCampaingsStep.ingreso_monto_solicitado(java.lang.String)&amp#27;[0m
  &amp#27;[36mAnd &amp#27;[0m&amp#27;[36mingreso Nro de cuotas "&amp#27;[0m&amp#27;[36m&amp#27;[1m33&amp#27;[0m&amp#27;[36m"&amp#27;[0m                                                                        &amp#27;[90m# stepDefinations.ModuleCampaingsStep.ingreso_nro_cuotas(java.lang.String)&amp#27;[0m
  &amp#27;[36mAnd &amp#27;[0m&amp#27;[36mselecciono no en el seguro de vida&amp#27;[0m                                                                &amp#27;[90m# stepDefinations.ModuleCampaingsStep.Selecciona_seguro_vida_no()&amp#27;[0m
  &amp#27;[36mAnd &amp#27;[0m&amp#27;[36mselecciona calculo de plazo en días&amp#27;[0m                                                               &amp#27;[90m# stepDefinations.ModuleCampaingsStep.click_calculo_plazo_dias()&amp#27;[0m
  &amp#27;[36mAnd &amp#27;[0m&amp#27;[36mconsulta niveles de autonomia de tasa&amp#27;[0m                                                             &amp#27;[90m# stepDefinations.ModuleCampaingsStep.click_consulta_niveles_autonomia_tasa()&amp#27;[0m
  &amp#27;[36mAnd &amp#27;[0m&amp#27;[36mSelecciona tasas&amp#27;[0m                                                                                  &amp#27;[90m# stepDefinations.ModuleCampaingsStep.selecciona_tasas()&amp#27;[0m
  &amp#27;[36mAnd &amp#27;[0m&amp#27;[36mselecciona NORMAL de tasas&amp#27;[0m                                                                        &amp#27;[90m# stepDefinations.ModuleCampaingsStep.selecciona_normal_tasas()&amp#27;[0m
  &amp#27;[36mAnd &amp#27;[0m&amp#27;[36mhago click en Simulador crédito&amp#27;[0m                                                                   &amp#27;[90m# stepDefinations.ModuleCampaingsStep.click_simulador_creditos()&amp#27;[0m
  &amp#27;[36mAnd &amp#27;[0m&amp#27;[36mSelecciona plan de pagos&amp#27;[0m                                                                          &amp#27;[90m# stepDefinations.ModuleCampaingsStep.click_selecciona_plan_pagos()&amp#27;[0m
  &amp#27;[36mAnd &amp#27;[0m&amp#27;[36mcambio de pestana hasta documentos&amp#27;[0m                                                                &amp#27;[90m# stepDefinations.ModuleCampaingsStep.click_cambia_pestana_documentos()&amp#27;[0m
  &amp#27;[36mAnd &amp#27;[0m&amp#27;[36mclick en cantidad de documentos pagare&amp#27;[0m                                                            &amp#27;[90m# stepDefinations.ModuleCampaingsStep.click_cantidad_documentos_pagare()&amp#27;[0m
  &amp#27;[36mAnd &amp#27;[0m&amp#27;[36mSeleccionar cantidad de documentos pagare&amp#27;[0m                                                         &amp#27;[90m# stepDefinations.ModuleCampaingsStep.seleccionar_cantidad_documentos_pagare()&amp#27;[0m
  &amp#27;[36mAnd &amp#27;[0m&amp#27;[36mclick en anverso uno&amp#27;[0m                                                                              &amp#27;[90m# stepDefinations.ModuleCampaingsStep.click_en_anverso_uno()&amp#27;[0m
  &amp#27;[36mAnd &amp#27;[0m&amp#27;[36mtomo la foto de documento&amp#27;[0m                                                                         &amp#27;[90m# stepDefinations.ModuleCampaingsStep.click_en_foto_documento()&amp#27;[0m
  &amp#27;[36mAnd &amp#27;[0m&amp#27;[36mclick en anverso uno&amp#27;[0m                                                                              &amp#27;[90m# stepDefinations.ModuleCampaingsStep.click_en_anverso_uno()&amp#27;[0m
  &amp#27;[36mAnd &amp#27;[0m&amp#27;[36mtomo la foto de documento&amp#27;[0m                                                                         &amp#27;[90m# stepDefinations.ModuleCampaingsStep.click_en_foto_documento()&amp#27;[0m
]]></system-out>
    <system-err><![CDATA[java.lang.NullPointerException
	at utility.Hook.tearDown(Hook.java:43)
	at sun.reflect.NativeMethodAccessorImpl.invoke0(Native Method)
	at sun.reflect.NativeMethodAccessorImpl.invoke(NativeMethodAccessorImpl.java:62)
	at sun.reflect.DelegatingMethodAccessorImpl.invoke(DelegatingMethodAccessorImpl.java:43)
	at java.lang.reflect.Method.invoke(Method.java:498)
	at io.cucumber.java.Invoker.invoke(Invoker.java:27)
	at io.cucumber.java.JavaHookDefinition.execute(JavaHookDefinition.java:61)
	at io.cucumber.core.runner.CoreHookDefinition.execute(CoreHookDefinition.java:31)
	at io.cucumber.core.runner.HookDefinitionMatch.runStep(HookDefinitionMatch.java:20)
	at io.cucumber.core.runner.TestStep.executeStep(TestStep.java:64)
	at io.cucumber.core.runner.TestStep.run(TestStep.java:49)
	at io.cucumber.core.runner.TestCase.run(TestCase.java:55)
	at io.cucumber.core.runner.Runner.runPickle(Runner.java:67)
	at io.cucumber.testng.TestNGCucumberRunner.runScenario(TestNGCucumberRunner.java:124)
	at io.cucumber.testng.AbstractTestNGCucumberTests.runScenario(AbstractTestNGCucumberTests.java:29)
	at sun.reflect.NativeMethodAccessorImpl.invoke0(Native Method)
	at sun.reflect.NativeMethodAccessorImpl.invoke(NativeMethodAccessorImpl.java:62)
	at sun.reflect.DelegatingMethodAccessorImpl.invoke(DelegatingMethodAccessorImpl.java:43)
	at java.lang.reflect.Method.invoke(Method.java:498)
	at org.testng.internal.MethodInvocationHelper.invokeMethod(MethodInvocationHelper.java:108)
	at org.testng.internal.Invoker.invokeMethod(Invoker.java:661)
	at org.testng.internal.Invoker.invokeTestMethod(Invoker.java:869)
	at org.testng.internal.Invoker.invokeTestMethods(Invoker.java:1193)
	at org.testng.internal.TestMethodWorker.invokeTestMethods(TestMethodWorker.java:126)
	at org.testng.internal.TestMethodWorker.run(TestMethodWorker.java:109)
	at org.testng.TestRunner.privateRun(TestRunner.java:744)
	at org.testng.TestRunner.run(TestRunner.java:602)
	at org.testng.SuiteRunner.runTest(SuiteRunner.java:380)
	at org.testng.SuiteRunner.access$000(SuiteRunner.java:39)
	at org.testng.SuiteRunner$SuiteWorker.run(SuiteRunner.java:414)
	at org.testng.internal.thread.ThreadUtil$1.call(ThreadUtil.java:52)
	at java.util.concurrent.FutureTask.run(FutureTask.java:266)
	at java.util.concurrent.ThreadPoolExecutor.runWorker(ThreadPoolExecutor.java:1149)
	at java.util.concurrent.ThreadPoolExecutor$Worker.run(ThreadPoolExecutor.java:624)
	at java.lang.Thread.run(Thread.java:748)
]]></system-err>
  </testcase>
</testsuite>